State 32 conflicts: 1 shift/reduce
State 34 conflicts: 1 shift/reduce


Grammar

    0 $accept: start $end

    1 start: %empty
    2      | EXIT_T

    3 $@1: %empty

    4 start: expression EOL $@1 start

    5 $@2: %empty

    6 start: EOL $@2 start

    7 $@3: %empty

    8 start: error EOL $@3 start

    9 expression: NUMBER
   10           | FLOAT
   11           | VARIABLE
   12           | INF_T
   13           | NAN_T
   14           | '-' expression
   15           | '+' expression
   16           | expression '+' expression
   17           | expression '-' expression
   18           | expression '*' expression
   19           | '(' expression ')'
   20           | VARIABLE '=' expression
   21           | HELP_T
   22           | PRINT_T '(' VARIABLE ')'
   23           | PRINT_T '(' expression ')'
   24           | DISPLAY_T '(' VARIABLE ')'
   25           | DISPLAY_T '(' expression ')'
   26           | SYNERR_T


Terminals, with rules where they appear

$end (0) 0
'(' (40) 19 22 23 24 25
')' (41) 19 22 23 24 25
'*' (42) 18
'+' (43) 15 16
'-' (45) 14 17
'=' (61) 20
error (256) 8
NUMBER (258) 9
FLOAT (259) 10
INF_T (260) 12
NAN_T (261) 13
HELP_T (262) 21
PRINT_T (263) 22 23
DISPLAY_T (264) 24 25
EXIT_T (265) 2
SYNERR_T (266) 26
VARIABLE (267) 11 20 22 24
EOL (268) 4 6 8
UNARY (269)


Nonterminals, with rules where they appear

$accept (21)
    on left: 0
start (22)
    on left: 1 2 4 6 8, on right: 0 4 6 8
$@1 (23)
    on left: 3, on right: 4
$@2 (24)
    on left: 5, on right: 6
$@3 (25)
    on left: 7, on right: 8
expression (26)
    on left: 9 10 11 12 13 14 15 16 17 18 19 20 21 22 23 24 25 26,
    on right: 4 14 15 16 17 18 19 20 23 25


State 0

    0 $accept: . start $end

    error      shift, and go to state 1
    NUMBER     shift, and go to state 2
    FLOAT      shift, and go to state 3
    INF_T      shift, and go to state 4
    NAN_T      shift, and go to state 5
    HELP_T     shift, and go to state 6
    PRINT_T    shift, and go to state 7
    DISPLAY_T  shift, and go to state 8
    EXIT_T     shift, and go to state 9
    SYNERR_T   shift, and go to state 10
    VARIABLE   shift, and go to state 11
    EOL        shift, and go to state 12
    '-'        shift, and go to state 13
    '+'        shift, and go to state 14
    '('        shift, and go to state 15

    $end  reduce using rule 1 (start)

    start       go to state 16
    expression  go to state 17


State 1

    8 start: error . EOL $@3 start

    EOL  shift, and go to state 18


State 2

    9 expression: NUMBER .

    $default  reduce using rule 9 (expression)


State 3

   10 expression: FLOAT .

    $default  reduce using rule 10 (expression)


State 4

   12 expression: INF_T .

    $default  reduce using rule 12 (expression)


State 5

   13 expression: NAN_T .

    $default  reduce using rule 13 (expression)


State 6

   21 expression: HELP_T .

    $default  reduce using rule 21 (expression)


State 7

   22 expression: PRINT_T . '(' VARIABLE ')'
   23           | PRINT_T . '(' expression ')'

    '('  shift, and go to state 19


State 8

   24 expression: DISPLAY_T . '(' VARIABLE ')'
   25           | DISPLAY_T . '(' expression ')'

    '('  shift, and go to state 20


State 9

    2 start: EXIT_T .

    $default  reduce using rule 2 (start)


State 10

   26 expression: SYNERR_T .

    $default  reduce using rule 26 (expression)


State 11

   11 expression: VARIABLE .
   20           | VARIABLE . '=' expression

    '='  shift, and go to state 21

    $default  reduce using rule 11 (expression)


State 12

    6 start: EOL . $@2 start

    $default  reduce using rule 5 ($@2)

    $@2  go to state 22


State 13

   14 expression: '-' . expression

    NUMBER     shift, and go to state 2
    FLOAT      shift, and go to state 3
    INF_T      shift, and go to state 4
    NAN_T      shift, and go to state 5
    HELP_T     shift, and go to state 6
    PRINT_T    shift, and go to state 7
    DISPLAY_T  shift, and go to state 8
    SYNERR_T   shift, and go to state 10
    VARIABLE   shift, and go to state 11
    '-'        shift, and go to state 13
    '+'        shift, and go to state 14
    '('        shift, and go to state 15

    expression  go to state 23


State 14

   15 expression: '+' . expression

    NUMBER     shift, and go to state 2
    FLOAT      shift, and go to state 3
    INF_T      shift, and go to state 4
    NAN_T      shift, and go to state 5
    HELP_T     shift, and go to state 6
    PRINT_T    shift, and go to state 7
    DISPLAY_T  shift, and go to state 8
    SYNERR_T   shift, and go to state 10
    VARIABLE   shift, and go to state 11
    '-'        shift, and go to state 13
    '+'        shift, and go to state 14
    '('        shift, and go to state 15

    expression  go to state 24


State 15

   19 expression: '(' . expression ')'

    NUMBER     shift, and go to state 2
    FLOAT      shift, and go to state 3
    INF_T      shift, and go to state 4
    NAN_T      shift, and go to state 5
    HELP_T     shift, and go to state 6
    PRINT_T    shift, and go to state 7
    DISPLAY_T  shift, and go to state 8
    SYNERR_T   shift, and go to state 10
    VARIABLE   shift, and go to state 11
    '-'        shift, and go to state 13
    '+'        shift, and go to state 14
    '('        shift, and go to state 15

    expression  go to state 25


State 16

    0 $accept: start . $end

    $end  shift, and go to state 26


State 17

    4 start: expression . EOL $@1 start
   16 expression: expression . '+' expression
   17           | expression . '-' expression
   18           | expression . '*' expression

    EOL  shift, and go to state 27
    '-'  shift, and go to state 28
    '+'  shift, and go to state 29
    '*'  shift, and go to state 30


State 18

    8 start: error EOL . $@3 start

    $default  reduce using rule 7 ($@3)

    $@3  go to state 31


State 19

   22 expression: PRINT_T '(' . VARIABLE ')'
   23           | PRINT_T '(' . expression ')'

    NUMBER     shift, and go to state 2
    FLOAT      shift, and go to state 3
    INF_T      shift, and go to state 4
    NAN_T      shift, and go to state 5
    HELP_T     shift, and go to state 6
    PRINT_T    shift, and go to state 7
    DISPLAY_T  shift, and go to state 8
    SYNERR_T   shift, and go to state 10
    VARIABLE   shift, and go to state 32
    '-'        shift, and go to state 13
    '+'        shift, and go to state 14
    '('        shift, and go to state 15

    expression  go to state 33


State 20

   24 expression: DISPLAY_T '(' . VARIABLE ')'
   25           | DISPLAY_T '(' . expression ')'

    NUMBER     shift, and go to state 2
    FLOAT      shift, and go to state 3
    INF_T      shift, and go to state 4
    NAN_T      shift, and go to state 5
    HELP_T     shift, and go to state 6
    PRINT_T    shift, and go to state 7
    DISPLAY_T  shift, and go to state 8
    SYNERR_T   shift, and go to state 10
    VARIABLE   shift, and go to state 34
    '-'        shift, and go to state 13
    '+'        shift, and go to state 14
    '('        shift, and go to state 15

    expression  go to state 35


State 21

   20 expression: VARIABLE '=' . expression

    NUMBER     shift, and go to state 2
    FLOAT      shift, and go to state 3
    INF_T      shift, and go to state 4
    NAN_T      shift, and go to state 5
    HELP_T     shift, and go to state 6
    PRINT_T    shift, and go to state 7
    DISPLAY_T  shift, and go to state 8
    SYNERR_T   shift, and go to state 10
    VARIABLE   shift, and go to state 11
    '-'        shift, and go to state 13
    '+'        shift, and go to state 14
    '('        shift, and go to state 15

    expression  go to state 36


State 22

    6 start: EOL $@2 . start

    error      shift, and go to state 1
    NUMBER     shift, and go to state 2
    FLOAT      shift, and go to state 3
    INF_T      shift, and go to state 4
    NAN_T      shift, and go to state 5
    HELP_T     shift, and go to state 6
    PRINT_T    shift, and go to state 7
    DISPLAY_T  shift, and go to state 8
    EXIT_T     shift, and go to state 9
    SYNERR_T   shift, and go to state 10
    VARIABLE   shift, and go to state 11
    EOL        shift, and go to state 12
    '-'        shift, and go to state 13
    '+'        shift, and go to state 14
    '('        shift, and go to state 15

    $end  reduce using rule 1 (start)

    start       go to state 37
    expression  go to state 17


State 23

   14 expression: '-' expression .
   16           | expression . '+' expression
   17           | expression . '-' expression
   18           | expression . '*' expression

    $default  reduce using rule 14 (expression)


State 24

   15 expression: '+' expression .
   16           | expression . '+' expression
   17           | expression . '-' expression
   18           | expression . '*' expression

    $default  reduce using rule 15 (expression)


State 25

   16 expression: expression . '+' expression
   17           | expression . '-' expression
   18           | expression . '*' expression
   19           | '(' expression . ')'

    '-'  shift, and go to state 28
    '+'  shift, and go to state 29
    '*'  shift, and go to state 30
    ')'  shift, and go to state 38


State 26

    0 $accept: start $end .

    $default  accept


State 27

    4 start: expression EOL . $@1 start

    $default  reduce using rule 3 ($@1)

    $@1  go to state 39


State 28

   17 expression: expression '-' . expression

    NUMBER     shift, and go to state 2
    FLOAT      shift, and go to state 3
    INF_T      shift, and go to state 4
    NAN_T      shift, and go to state 5
    HELP_T     shift, and go to state 6
    PRINT_T    shift, and go to state 7
    DISPLAY_T  shift, and go to state 8
    SYNERR_T   shift, and go to state 10
    VARIABLE   shift, and go to state 11
    '-'        shift, and go to state 13
    '+'        shift, and go to state 14
    '('        shift, and go to state 15

    expression  go to state 40


State 29

   16 expression: expression '+' . expression

    NUMBER     shift, and go to state 2
    FLOAT      shift, and go to state 3
    INF_T      shift, and go to state 4
    NAN_T      shift, and go to state 5
    HELP_T     shift, and go to state 6
    PRINT_T    shift, and go to state 7
    DISPLAY_T  shift, and go to state 8
    SYNERR_T   shift, and go to state 10
    VARIABLE   shift, and go to state 11
    '-'        shift, and go to state 13
    '+'        shift, and go to state 14
    '('        shift, and go to state 15

    expression  go to state 41


State 30

   18 expression: expression '*' . expression

    NUMBER     shift, and go to state 2
    FLOAT      shift, and go to state 3
    INF_T      shift, and go to state 4
    NAN_T      shift, and go to state 5
    HELP_T     shift, and go to state 6
    PRINT_T    shift, and go to state 7
    DISPLAY_T  shift, and go to state 8
    SYNERR_T   shift, and go to state 10
    VARIABLE   shift, and go to state 11
    '-'        shift, and go to state 13
    '+'        shift, and go to state 14
    '('        shift, and go to state 15

    expression  go to state 42


State 31

    8 start: error EOL $@3 . start

    error      shift, and go to state 1
    NUMBER     shift, and go to state 2
    FLOAT      shift, and go to state 3
    INF_T      shift, and go to state 4
    NAN_T      shift, and go to state 5
    HELP_T     shift, and go to state 6
    PRINT_T    shift, and go to state 7
    DISPLAY_T  shift, and go to state 8
    EXIT_T     shift, and go to state 9
    SYNERR_T   shift, and go to state 10
    VARIABLE   shift, and go to state 11
    EOL        shift, and go to state 12
    '-'        shift, and go to state 13
    '+'        shift, and go to state 14
    '('        shift, and go to state 15

    $end  reduce using rule 1 (start)

    start       go to state 43
    expression  go to state 17


State 32

   11 expression: VARIABLE .
   20           | VARIABLE . '=' expression
   22           | PRINT_T '(' VARIABLE . ')'

    '='  shift, and go to state 21
    ')'  shift, and go to state 44

    ')'       [reduce using rule 11 (expression)]
    $default  reduce using rule 11 (expression)


State 33

   16 expression: expression . '+' expression
   17           | expression . '-' expression
   18           | expression . '*' expression
   23           | PRINT_T '(' expression . ')'

    '-'  shift, and go to state 28
    '+'  shift, and go to state 29
    '*'  shift, and go to state 30
    ')'  shift, and go to state 45


State 34

   11 expression: VARIABLE .
   20           | VARIABLE . '=' expression
   24           | DISPLAY_T '(' VARIABLE . ')'

    '='  shift, and go to state 21
    ')'  shift, and go to state 46

    ')'       [reduce using rule 11 (expression)]
    $default  reduce using rule 11 (expression)


State 35

   16 expression: expression . '+' expression
   17           | expression . '-' expression
   18           | expression . '*' expression
   25           | DISPLAY_T '(' expression . ')'

    '-'  shift, and go to state 28
    '+'  shift, and go to state 29
    '*'  shift, and go to state 30
    ')'  shift, and go to state 47


State 36

   16 expression: expression . '+' expression
   17           | expression . '-' expression
   18           | expression . '*' expression
   20           | VARIABLE '=' expression .

    '-'  shift, and go to state 28
    '+'  shift, and go to state 29
    '*'  shift, and go to state 30

    $default  reduce using rule 20 (expression)


State 37

    6 start: EOL $@2 start .

    $default  reduce using rule 6 (start)


State 38

   19 expression: '(' expression ')' .

    $default  reduce using rule 19 (expression)


State 39

    4 start: expression EOL $@1 . start

    error      shift, and go to state 1
    NUMBER     shift, and go to state 2
    FLOAT      shift, and go to state 3
    INF_T      shift, and go to state 4
    NAN_T      shift, and go to state 5
    HELP_T     shift, and go to state 6
    PRINT_T    shift, and go to state 7
    DISPLAY_T  shift, and go to state 8
    EXIT_T     shift, and go to state 9
    SYNERR_T   shift, and go to state 10
    VARIABLE   shift, and go to state 11
    EOL        shift, and go to state 12
    '-'        shift, and go to state 13
    '+'        shift, and go to state 14
    '('        shift, and go to state 15

    $end  reduce using rule 1 (start)

    start       go to state 48
    expression  go to state 17


State 40

   16 expression: expression . '+' expression
   17           | expression . '-' expression
   17           | expression '-' expression .
   18           | expression . '*' expression

    '*'  shift, and go to state 30

    $default  reduce using rule 17 (expression)


State 41

   16 expression: expression . '+' expression
   16           | expression '+' expression .
   17           | expression . '-' expression
   18           | expression . '*' expression

    '*'  shift, and go to state 30

    $default  reduce using rule 16 (expression)


State 42

   16 expression: expression . '+' expression
   17           | expression . '-' expression
   18           | expression . '*' expression
   18           | expression '*' expression .

    $default  reduce using rule 18 (expression)


State 43

    8 start: error EOL $@3 start .

    $default  reduce using rule 8 (start)


State 44

   22 expression: PRINT_T '(' VARIABLE ')' .

    $default  reduce using rule 22 (expression)


State 45

   23 expression: PRINT_T '(' expression ')' .

    $default  reduce using rule 23 (expression)


State 46

   24 expression: DISPLAY_T '(' VARIABLE ')' .

    $default  reduce using rule 24 (expression)


State 47

   25 expression: DISPLAY_T '(' expression ')' .

    $default  reduce using rule 25 (expression)


State 48

    4 start: expression EOL $@1 start .

    $default  reduce using rule 4 (start)
